mode: set
github.com/hreluz/go-testing-class-5/handler/login.go:15.32,17.2 1 0
github.com/hreluz/go-testing-class-5/handler/login.go:19.45,22.16 3 0
github.com/hreluz/go-testing-class-5/handler/login.go:22.16,25.3 2 0
github.com/hreluz/go-testing-class-5/handler/login.go:27.2,27.26 1 0
github.com/hreluz/go-testing-class-5/handler/login.go:27.26,30.3 2 0
github.com/hreluz/go-testing-class-5/handler/login.go:32.2,33.16 2 0
github.com/hreluz/go-testing-class-5/handler/login.go:33.16,36.3 2 0
github.com/hreluz/go-testing-class-5/handler/login.go:38.2,40.36 3 0
github.com/hreluz/go-testing-class-5/handler/login.go:43.43,45.2 1 0
github.com/hreluz/go-testing-class-5/handler/person.go:16.40,18.2 1 1
github.com/hreluz/go-testing-class-5/handler/person.go:20.47,23.16 3 1
github.com/hreluz/go-testing-class-5/handler/person.go:23.16,26.3 2 1
github.com/hreluz/go-testing-class-5/handler/person.go:28.2,29.16 2 1
github.com/hreluz/go-testing-class-5/handler/person.go:29.16,32.3 2 1
github.com/hreluz/go-testing-class-5/handler/person.go:34.2,35.45 2 1
github.com/hreluz/go-testing-class-5/handler/person.go:38.47,40.16 2 0
github.com/hreluz/go-testing-class-5/handler/person.go:40.16,43.3 2 0
github.com/hreluz/go-testing-class-5/handler/person.go:45.2,47.16 3 0
github.com/hreluz/go-testing-class-5/handler/person.go:47.16,50.3 2 0
github.com/hreluz/go-testing-class-5/handler/person.go:52.2,53.16 2 0
github.com/hreluz/go-testing-class-5/handler/person.go:53.16,56.3 2 0
github.com/hreluz/go-testing-class-5/handler/person.go:58.2,59.40 2 0
github.com/hreluz/go-testing-class-5/handler/person.go:62.47,64.16 2 0
github.com/hreluz/go-testing-class-5/handler/person.go:64.16,67.3 2 0
github.com/hreluz/go-testing-class-5/handler/person.go:69.2,70.52 2 0
github.com/hreluz/go-testing-class-5/handler/person.go:70.52,73.3 2 0
github.com/hreluz/go-testing-class-5/handler/person.go:74.2,74.16 1 0
github.com/hreluz/go-testing-class-5/handler/person.go:74.16,77.3 2 0
github.com/hreluz/go-testing-class-5/handler/person.go:79.2,80.40 2 0
github.com/hreluz/go-testing-class-5/handler/person.go:83.48,85.16 2 0
github.com/hreluz/go-testing-class-5/handler/person.go:85.16,88.3 2 0
github.com/hreluz/go-testing-class-5/handler/person.go:90.2,91.52 2 0
github.com/hreluz/go-testing-class-5/handler/person.go:91.52,94.3 2 0
github.com/hreluz/go-testing-class-5/handler/person.go:95.2,95.16 1 0
github.com/hreluz/go-testing-class-5/handler/person.go:95.16,98.3 2 0
github.com/hreluz/go-testing-class-5/handler/person.go:100.2,101.40 2 0
github.com/hreluz/go-testing-class-5/handler/person.go:104.47,106.16 2 1
github.com/hreluz/go-testing-class-5/handler/person.go:106.16,109.3 2 0
github.com/hreluz/go-testing-class-5/handler/person.go:111.2,112.40 2 1
github.com/hreluz/go-testing-class-5/handler/response.go:14.81,20.2 1 1
github.com/hreluz/go-testing-class-5/handler/route.go:9.49,19.2 8 0
github.com/hreluz/go-testing-class-5/handler/route.go:22.48,26.2 2 0
